app/build/outputs/logs/manifest-merger-debug-report.txt
-- Merging decision tree log ---
manifest
ADDED from GTKAndroid-master/app/AndroidManifest.xml:2:1-43:12
	package
		ADDED from GTKAndroid-master/app/AndroidManifest.xml:3:5-36
		INJECTED from GTKAndroid-master/app/AndroidManifest.xml
		INJECTED from GTKAndroid-master/app/AndroidManifest.xml
	android:versionName
		INJECTED from GTKAndroid-master/app/AndroidManifest.xml
		INJECTED from GTKAndroid-master/app/AndroidManifest.xml
	xmlns:android
		ADDED from GTKAndroid-master/app/AndroidManifest.xml:2:11-69
	android:versionCode
		INJECTED from GTKAndroid-master/app/AndroidManifest.xml
		INJECTED from GTKAndroid-master/app/AndroidManifest.xml
uses-sdk
ADDED from GTKAndroid-master/app/AndroidManifest.xml:6:5-44
	android:targetSdkVersion
		INJECTED from GTKAndroid-master/app/AndroidManifest.xml
		INJECTED from GTKAndroid-master/app/AndroidManifest.xml
	android:minSdkVersion
		ADDED from GTKAndroid-master/app/AndroidManifest.xml:6:15-41
		INJECTED from GTKAndroid-master/app/AndroidManifest.xml
		INJECTED from GTKAndroid-master/app/AndroidManifest.xml
application
ADDED from GTKAndroid-master/app/AndroidManifest.xml:9:5-41:19
	android:hasCode
		ADDED from GTKAndroid-master/app/AndroidManifest.xml:12:9-31
	android:label
		ADDED from GTKAndroid-master/app/AndroidManifest.xml:14:9-41
	android:debuggable
		ADDED from GTKAndroid-master/app/AndroidManifest.xml:10:9-34
	android:allowBackup
		ADDED from GTKAndroid-master/app/AndroidManifest.xml:11:9-35
	android:icon
		ADDED from GTKAndroid-master/app/AndroidManifest.xml:13:9-45
	android:theme
		ADDED from GTKAndroid-master/app/AndroidManifest.xml:15:9-40
activity#android.app.NativeActivity
ADDED from GTKAndroid-master/app/AndroidManifest.xml:21:9-36:20
	android:label
		ADDED from GTKAndroid-master/app/AndroidManifest.xml:24:13-45
	android:configChanges
		ADDED from GTKAndroid-master/app/AndroidManifest.xml:23:13-63
	android:name
		ADDED from GTKAndroid-master/app/AndroidManifest.xml:22:13-54
meta-data#android.app.lib_name
ADDED from GTKAndroid-master/app/AndroidManifest.xml:27:13-29:45
	android:value
		ADDED from GTKAndroid-master/app/AndroidManifest.xml:29:17-42
	android:name
		ADDED from GTKAndroid-master/app/AndroidManifest.xml:28:17-52
intent-filter#android.intent.action.MAIN+android.intent.category.LAUNCHER
ADDED from GTKAndroid-master/app/AndroidManifest.xml:31:13-35:29
action#android.intent.action.MAIN
ADDED from GTKAndroid-master/app/AndroidManifest.xml:32:17-69
	android:name
		ADDED from GTKAndroid-master/app/AndroidManifest.xml:32:25-66
category#android.intent.category.LAUNCHER
ADDED from GTKAndroid-master/app/AndroidManifest.xml:34:17-77
	android:name
		ADDED from GTKAndroid-master/app/AndroidManifest.xml:34:27-74
activity#org.p2lang.gtkandroid.DummyActivity
ADDED from GTKAndroid-master/app/AndroidManifest.xml:37:9-40:20
	android:label
		ADDED from GTKAndroid-master/app/AndroidManifest.xml:39:13-57
	android:name
		ADDED from GTKAndroid-master/app/AndroidManifest.xml:38:13-42